<?xml version="1.0" encoding="UTF-8"?>
<!-- Generated by org.testng.reporters.JUnitReportReporter -->
<testsuite hostname="DESKTOP-KDPNS9M" failures="0" tests="1" name="com.medici.assessment.APITestCases" time="8.816" errors="0" timestamp="2024-03-20T20:08:48 SAST" skipped="0">
  <testcase classname="com.medici.assessment.APITestCases" name="testCreateRecord" time="8.816"/>
</testsuite> <!-- com.medici.assessment.APITestCases -->
